889
251 143 1.1
666 555 1.1
558 144 1.1
59 296 1.1
21 296 1.1
426 797 1.1
837 284 1.1
69 424 1.1
138 692 1.1
138 127 1.1
424 173 1.1
424 260 1.1
138 107 1.1
141 807 1.1
424 349 1.1
141 784 1.1
69 190 1.1
141 535 1.1
141 506 1.1
141 317 1.1
141 295 1.1
424 538 1.1
141 174 1.1
141 164 1.1
424 594 1.1
142 743 1.1
142 594 1.1
560 487 1.1
142 111 1.1
143 815 1.1
143 704 1.1
143 678 1.1
143 538 1.1
560 384 1.1
143 406 1.1
839 127 1.1
144 781 1.1
144 779 1.1
144 778 1.1
144 767 1.1
144 764 1.1
560 246 1.1
144 727 1.1
144 705 1.1
144 701 1.1
144 690 1.1
144 685 1.1
144 683 1.1
144 661 1.1
127 165 1.1
144 660 1.1
144 656 1.1
144 647 1.1
555 104 1.1
555 106 1.1
888 718 1.1
144 635 1.1
127 324 1.1
144 603 1.1
127 417 1.1
144 595 1.1
144 584 1.1
144 575 1.1
127 572 1.1
127 605 1.1
144 540 1.1
144 532 1.1
144 514 1.1
144 509 1.1
144 480 1.1
663 877 1.1
555 255 1.1
144 416 1.1
555 259 1.1
144 371 1.1
144 340 1.1
144 331 1.1
144 311 1.1
555 361 1.1
144 277 1.1
144 212 1.1
144 199 1.1
144 185 1.1
144 156 1.1
144 154 1.1
144 115 1.1
144 114 1.1
144 65 1.1
144 48 1.1
555 610 1.1
144 37 1.1
841 207 1.1
555 724 1.1
147 740 1.1
594 845 1.1
594 795 1.1
662 107 1.1
58 667 1.1
666 293 1.1
866 797 1.1
149 296 1.1
594 564 1.1
866 185 1.1
4 845 1.1
57 67 1.1
5 293 1.1
552 545 1.1
740 635 1.1
740 631 1.1
594 167 1.1
156 572 1.1
72 637 1.1
663 293 1.1
833 768 1.1
72 572 1.1
119 206 1.1
667 854 1.1
159 190 1.1
160 807 1.1
160 790 1.1
160 278 1.1
614 718 1.1
160 217 1.1
865 117 1.1
118 190 1.1
547 491 1.1
118 293 1.1
411 178 1.1
164 572 1.1
164 571 1.1
545 211 1.1
68 190 1.1
167 112 1.1
684 111 1.1
865 259 1.1
114 49 1.1
407 255 1.1
178 716 1.1
845 714 1.1
667 400 1.1
178 394 1.1
178 294 1.1
178 259 1.1
178 67 1.1
667 382 1.1
585 576 1.1
20 287 1.1
718 190 1.1
845 598 1.1
73 672 1.1
112 91 1.1
538 296 1.1
667 306 1.1
401 607 1.1
824 315 1.1
51 381 1.1
401 812 1.1
189 324 1.1
190 820 1.1
20 384 1.1
190 782 1.1
111 18 1.1
535 190 1.1
20 460 1.1
24 293 1.1
190 675 1.1
190 625 1.1
111 243 1.1
190 591 1.1
190 581 1.1
190 570 1.1
190 526 1.1
190 524 1.1
190 504 1.1
190 369 1.1
397 506 1.1
190 257 1.1
394 518 1.1
190 249 1.1
394 630 1.1
190 247 1.1
190 224 1.1
193 792 1.1
193 729 1.1
389 255 1.1
193 340 1.1
193 47 1.1
821 589 1.1
821 865 1.1
206 785 1.1
718 527 1.1
206 570 1.1
206 213 1.1
107 473 1.1
206 12 1.1
207 634 1.1
207 624 1.1
207 302 1.1
207 229 1.1
211 212 1.1
104 715 1.1
812 2 1.1
442 18 1.1
382 607 1.1
223 18 1.1
572 806 1.1
572 780 1.1
10 295 1.1
518 882 1.1
572 706 1.1
232 296 1.1
45 572 1.1
233 607 1.1
444 610 1.1
759 487 1.1
235 341 1.1
235 246 1.1
2 781 1.1
657 296 1.1
246 781 1.1
572 43 1.1
572 40 1.1
781 272 1.1
806 77 1.1
806 627 1.1
872 607 1.1
370 12 1.1
610 308 1.1
254 350 1.1
254 324 1.1
255 325 1.1
448 487 1.1
803 293 1.1
64 609 1.1
802 296 1.1
703 287 1.1
715 622 1.1
452 623 1.1
284 296 1.1
285 296 1.1
363 487 1.1
18 342 1.1
714 321 1.1
359 308 1.1
293 345 1.1
293 332 1.1
293 88 1.1
296 84 1.1
323 882 1.1
672 324 1.3
344 222 1.3
588 482 1.3
344 333 1.3
67 674 1.3
343 240 1.3
67 668 1.3
672 365 1.3
343 587 1.3
343 695 1.3
855 111 1.3
343 729 1.3
17 144 1.3
30 211 1.3
342 408 1.3
345 794 1.3
342 752 1.3
341 25 1.3
341 205 1.3
345 461 1.3
465 806 1.3
341 236 1.3
341 511 1.3
609 296 1.3
341 881 1.3
340 207 1.3
854 23 1.3
340 512 1.3
340 761 1.3
340 862 1.3
689 765 1.3
336 57 1.3
609 543 1.3
609 566 1.3
786 442 1.3
854 169 1.3
471 157 1.3
471 144 1.3
471 70 1.3
588 358 1.3
333 59 1.3
84 822 1.3
473 319 1.3
333 574 1.3
620 144 1.3
875 73 1.3
346 776 1.3
31 138 1.3
882 373 1.3
726 668 1.3
787 596 1.3
875 137 1.3
462 509 1.3
331 1 1.3
875 181 1.3
346 302 1.3
875 208 1.3
331 531 1.3
347 107 1.3
330 74 1.3
330 208 1.3
875 375 1.3
882 268 1.3
875 503 1.3
875 522 1.3
32 637 1.3
875 568 1.3
787 169 1.3
722 296 1.3
787 150 1.3
325 307 1.3
66 414 1.3
689 745 1.3
609 791 1.3
620 358 1.3
789 801 1.3
620 428 1.3
84 516 1.3
482 495 1.3
461 60 1.3
482 362 1.3
482 300 1.3
324 629 1.3
482 94 1.3
726 198 1.3
323 430 1.3
726 50 1.3
16 296 1.3
322 169 1.3
66 797 1.3
623 888 1.3
789 527 1.3
486 448 1.3
319 380 1.3
319 413 1.3
319 680 1.3
318 416 1.3
318 849 1.3
33 120 1.3
789 261 1.3
883 806 1.3
486 51 1.3
350 519 1.3
579 729 1.3
317 733 1.3
29 7 1.3
727 136 1.3
620 720 1.3
578 3 1.3
85 627 1.3
81 715 1.3
487 497 1.3
862 53 1.3
18 755 1.3
316 23 1.3
882 747 1.3
487 237 1.3
487 176 1.3
316 753 1.3
315 5 1.3
16 732 1.3
65 162 1.3
790 836 1.3
313 428 1.3
728 555 1.3
351 193 1.3
578 442 1.3
352 512 1.3
311 215 1.3
489 428 1.3
309 58 1.3
34 119 1.3
309 870 1.3
460 810 1.3
354 596 1.3
707 812 1.3
35 870 1.3
308 673 1.3
307 867 1.3
490 655 1.3
303 167 1.3
882 774 1.3
681 506 1.3
793 865 1.3
729 885 1.3
783 144 1.3
671 720 1.3
768 560 1.3
608 136 1.3
729 840 1.3
299 145 1.3
299 720 1.3
577 118 1.3
794 645 1.3
794 554 1.3
459 700 1.3
794 513 1.3
794 502 1.3
794 238 1.3
493 428 1.3
626 555 1.3
80 141 1.3
296 41 1.3
457 72 1.3
358 816 1.3
296 87 1.3
296 184 1.3
296 219 1.3
358 775 1.3
18 602 1.3
856 58 1.3
358 741 1.3
296 393 1.3
358 649 1.3
296 529 1.3
358 547 1.3
296 709 1.3
296 770 1.3
358 521 1.3
296 804 1.3
767 800 1.3
296 859 1.3
358 378 1.3
729 550 1.3
687 190 1.3
294 544 1.3
496 865 1.3
729 449 1.3
766 174 1.3
670 12 1.3
294 748 1.3
293 11 1.3
729 390 1.3
293 28 1.3
293 44 1.3
293 63 1.3
576 118 1.3
293 148 1.3
293 270 1.3
882 851 1.3
89 821 1.3
293 420 1.3
689 418 1.3
359 606 1.3
78 193 1.3
361 368 1.3
293 852 1.3
795 723 1.3
38 572 1.3
361 131 1.3
607 422 1.3
90 889 1.3
796 657 1.3
765 218 1.3
289 107 1.3
38 56 1.3
729 196 1.3
627 698 1.3
288 542 1.3
363 763 1.3
287 46 1.3
90 422 1.3
729 140 1.3
363 760 1.3
715 860 1.3
287 844 1.3
286 144 1.3
500 866 1.3
500 719 1.3
500 653 1.3
500 418 1.3
13 160 1.3
285 510 1.3
39 105 1.3
501 206 1.3
610 736 1.3
715 710 1.3
282 401 1.3
364 411 1.3
279 58 1.3
628 207 1.3
873 884 1.3
629 717 1.3
715 658 1.3
272 771 1.3
271 383 1.3
271 428 1.3
715 604 1.3
884 805 1.3
268 721 1.3
268 817 1.3
505 781 1.3
263 812 1.3
506 835 1.3
506 650 1.3
366 888 1.3
506 546 1.3
864 724 1.3
367 839 1.3
260 437 1.3
260 655 1.3
884 592 1.3
507 572 1.3
42 715 1.3
803 826 1.3
731 717 1.3
884 429 1.3
884 424 1.3
669 143 1.3
884 399 1.3
850 806 1.3
255 8 1.3
255 152 1.3
255 220 1.3
96 144 1.3
255 537 1.3
255 738 1.3
508 73 1.3
618 424 1.3
252 10 1.3
849 201 1.3
98 432 1.3
325 699 1.3
76 178 1.3
250 776 1.3
632 422 1.3
806 694 1.3
447 816 1.3
806 415 1.3
806 179 1.3
806 151 1.3
99 760 1.3
583 411 1.3
572 0 1.3
761 409 1.3
849 772 1.3
572 52 1.3
246 640 1.3
27 655 1.3
849 830 1.3
849 834 1.3
871 131 1.3
244 555 1.3
780 520 1.3
808 424 1.3
512 404 1.3
617 428 1.3
572 186 1.3
633 137 1.3
240 814 1.3
100 190 1.3
572 421 1.3
513 122 1.3
234 58 1.3
19 383 1.3
379 555 1.3
616 190 1.3
810 648 1.3
635 600 1.3
572 593 1.3
515 190 1.3
75 424 1.3
811 190 1.3
700 52 1.3
516 182 1.3
227 178 1.3
381 737 1.3
686 426 1.3
572 751 1.3
381 54 1.3
102 422 1.3
223 843 1.3
221 136 1.3
590 190 1.3
571 744 1.3
700 847 1.3
699 392 1.3
2 419 1.3
105 545 1.3
209 144 1.3
639 144 1.3
9 428 1.3
207 168 1.3
383 132 1.3
107 746 1.3
752 642 1.3
107 548 1.3
2 200 1.3
20 838 1.3
846 136 1.3
441 120 1.3
441 144 1.3
818 191 1.3
204 718 1.3
200 192 1.3
777 136 1.3
868 157 1.3
820 191 1.3
820 146 1.3
109 178 1.3
530 162 1.3
193 427 1.3
193 553 1.3
110 136 1.3
667 153 1.3
599 663 1.3
190 7 1.3
190 130 1.3
190 155 1.3
643 178 1.3
113 555 1.3
178 125 1.3
878 57 1.3
880 136 1.3
541 667 1.3
542 418 1.3
825 144 1.3
172 555 1.3
432 422 1.3
646 555 1.3
827 144 1.3
116 428 1.3
166 144 1.3
158 144 1.3
563 144 1.3
723 425 1.3
428 861 1.3
144 559 1.3
612 143 1.3
678 696 1.5
134 778 1.5
134 725 1.5
59 129 1.5
134 225 1.5
693 725 1.5
720 139 1.5
59 177 1.5
837 86 1.5
651 341 1.5
136 638 1.5
736 664 1.5
720 273 1.5
136 539 1.5
720 274 1.5
136 412 1.5
136 355 1.5
136 248 1.5
136 210 1.5
136 171 1.5
136 163 1.5
887 43 1.5
59 269 1.5
137 853 1.5
137 757 1.5
720 372 1.5
132 398 1.5
137 688 1.5
866 326 1.5
131 659 1.5
720 494 1.5
138 749 1.5
59 436 1.5
138 611 1.5
138 385 1.5
887 121 1.5
138 334 1.5
138 297 1.5
720 565 1.5
138 228 1.5
138 226 1.5
138 197 1.5
557 186 1.5
139 676 1.5
139 478 1.5
139 476 1.5
139 194 1.5
887 216 1.5
836 253 1.5
141 848 1.5
720 691 1.5
141 809 1.5
141 758 1.5
141 679 1.5
141 636 1.5
141 562 1.5
737 450 1.5
141 339 1.5
141 82 1.5
887 266 1.5
650 439 1.5
652 753 1.5
592 15 1.5
720 769 1.5
556 266 1.5
720 819 1.5
720 828 1.5
142 22 1.5
720 863 1.5
720 886 1.5
144 829 1.5
653 842 1.5
58 101 1.5
555 6 1.5
735 144 1.5
555 93 1.5
840 245 1.5
144 549 1.5
555 242 1.5
678 832 1.5
692 203 1.5
60 298 1.5
555 283 1.5
126 817 1.5
555 446 1.5
555 580 1.5
555 586 1.5
555 601 1.5
555 644 1.5
58 335 1.5
555 702 1.5
692 443 1.5
124 725 1.5
147 402 1.5
554 301 1.5
122 195 1.5
122 533 1.5
5 483 1.5
148 742 1.5
149 869 1.5
149 788 1.5
149 551 1.5
654 870 1.5
739 751 1.5
150 292 1.5
150 291 1.5
150 26 1.5
552 858 1.5
154 275 1.5
734 86 1.5
594 305 1.5
592 453 1.5
648 762 1.5
119 374 1.5
157 170 1.5
3 97 1.5
157 14 1.5
160 713 1.5
865 95 1.5
161 867 1.5
162 498 1.5
162 312 1.5
830 621 1.5
118 697 1.5
165 388 1.5
843 281 1.5
167 712 1.5
744 230 1.5
169 499 1.5
543 180 1.5
734 386 1.5
826 175 1.5
826 488 1.5
826 619 1.5
826 876 1.5
645 799 1.5
597 572 1.5
655 573 1.5
655 528 1.5
538 314 1.5
184 813 1.5
845 83 1.5
51 456 1.5
536 90 1.5
188 434 1.5
188 73 1.5
643 337 1.5
846 730 1.5
599 231 1.5
749 103 1.5
750 626 1.5
202 854 1.5
751 403 1.5
207 71 1.5
717 329 1.5
211 320 1.5
677 503 1.5
754 449 1.5
755 256 1.5
812 92 1.5
756 495 1.5
812 360 1.5
812 613 1.5
572 582 1.5
232 405 1.5
634 241 1.5
512 258 1.5
98 357 1.5
506 857 1.5
269 290 1.5
492 399 1.5
792 464 1.5
854 711 1.5
487 879 1.5
708 428 1.5
674 304 1.7
421 773 1.7
416 128 1.7
429 517 1.7
613 455 1.7
618 62 1.7
449 474 1.7
454 326 1.7
477 815 1.7
311 280 1.7
276 52 1.7
240 61 1.7
234 569 1.7
214 848 1.7
345 376 1.9
663 458 1.9
345 395 1.9
620 79 1.9
345 327 1.9
345 423 1.9
708 387 1.9
345 431 1.9
345 433 1.9
345 435 1.9
345 438 1.9
345 440 1.9
345 445 1.9
345 451 1.9
587 798 1.9
876 525 1.9
345 475 1.9
345 484 1.9
345 485 1.9
345 267 1.9
587 874 1.9
620 55 1.9
708 353 1.9
345 135 1.9
69 410 1.9
708 466 1.9
723 615 1.9
0 823 1.9
672 265 1.9
862 665 1.9
69 183 1.9
69 123 1.9
723 468 1.9
586 567 1.9
861 239 1.9
723 264 1.9
620 187 1.9
344 262 1.9
587 481 1.9
861 356 1.9
861 396 1.9
861 470 1.9
861 523 1.9
348 885 1.9
584 108 1.9
587 338 1.9
860 36 1.9
620 472 1.9
350 641 1.9
583 328 1.9
0 377 1.9
581 682 1.9
76 534 1.9
686 469 1.9
361 391 1.9
82 133 1.9
591 467 1.9
92 561 1.9
310 615 1.9
521 463 1.9
880 831 1.9
434 479 1.9
1183.7
